{"D:\\QA\\Project for testing\\helpers.js": {"path":"D:\\QA\\Project for testing\\helpers.js","statementMap":{"0":{"start":{"line":3,"column":8},"end":{"line":9,"column":9}},"1":{"start":{"line":4,"column":12},"end":{"line":4,"column":48}},"2":{"start":{"line":5,"column":12},"end":{"line":5,"column":42}},"3":{"start":{"line":7,"column":12},"end":{"line":7,"column":35}},"4":{"start":{"line":8,"column":12},"end":{"line":8,"column":31}},"5":{"start":{"line":10,"column":8},"end":{"line":10,"column":29}},"6":{"start":{"line":11,"column":8},"end":{"line":13,"column":9}},"7":{"start":{"line":12,"column":12},"end":{"line":12,"column":53}}},"fnMap":{"0":{"name":"(anonymous_0)","decl":{"start":{"line":2,"column":4},"end":{"line":2,"column":5}},"loc":{"start":{"line":2,"column":41},"end":{"line":14,"column":5}},"line":2}},"branchMap":{"0":{"loc":{"start":{"line":3,"column":8},"end":{"line":9,"column":9}},"type":"if","locations":[{"start":{"line":3,"column":8},"end":{"line":9,"column":9}},{"start":{"line":6,"column":15},"end":{"line":9,"column":9}}],"line":3},"1":{"loc":{"start":{"line":11,"column":8},"end":{"line":13,"column":9}},"type":"if","locations":[{"start":{"line":11,"column":8},"end":{"line":13,"column":9}},{"start":{},"end":{}}],"line":11}},"s":{"0":1,"1":1,"2":1,"3":0,"4":0,"5":1,"6":1,"7":1},"f":{"0":1},"b":{"0":[1,0],"1":[1,0]},"inputSourceMap":null,"_coverageSchema":"1a1c01bbd47fc00a2c39e90264f33305004495a9","hash":"a3b1008702548cfd6404c4a982be23e8c2ffc810"}
,"D:\\QA\\Project for testing\\data\\user.js": {"path":"D:\\QA\\Project for testing\\data\\user.js","statementMap":{"0":{"start":{"line":1,"column":21},"end":{"line":1,"column":23}}},"fnMap":{},"branchMap":{},"s":{"0":1},"f":{},"b":{},"inputSourceMap":null,"_coverageSchema":"1a1c01bbd47fc00a2c39e90264f33305004495a9","hash":"d687335fe03f510d183d9e3b5abab9d9c76074b8"}
,"D:\\QA\\Project for testing\\services\\registerUserService.js": {"path":"D:\\QA\\Project for testing\\services\\registerUserService.js","statementMap":{"0":{"start":{"line":7,"column":19},"end":{"line":7,"column":21}},"1":{"start":{"line":9,"column":4},"end":{"line":107,"column":1}},"2":{"start":{"line":18,"column":12},"end":{"line":18,"column":16}},"3":{"start":{"line":20,"column":32},"end":{"line":20,"column":48}},"4":{"start":{"line":21,"column":32},"end":{"line":21,"column":48}},"5":{"start":{"line":22,"column":39},"end":{"line":22,"column":62}},"6":{"start":{"line":23,"column":33},"end":{"line":23,"column":50}},"7":{"start":{"line":24,"column":32},"end":{"line":24,"column":48}},"8":{"start":{"line":25,"column":27},"end":{"line":25,"column":38}},"9":{"start":{"line":26,"column":29},"end":{"line":26,"column":42}},"10":{"start":{"line":28,"column":8},"end":{"line":28,"column":66}},"11":{"start":{"line":28,"column":30},"end":{"line":28,"column":66}},"12":{"start":{"line":29,"column":8},"end":{"line":29,"column":66}},"13":{"start":{"line":29,"column":30},"end":{"line":29,"column":66}},"14":{"start":{"line":30,"column":8},"end":{"line":30,"column":76}},"15":{"start":{"line":30,"column":37},"end":{"line":30,"column":76}},"16":{"start":{"line":31,"column":8},"end":{"line":31,"column":69}},"17":{"start":{"line":31,"column":31},"end":{"line":31,"column":69}},"18":{"start":{"line":32,"column":8},"end":{"line":32,"column":67}},"19":{"start":{"line":32,"column":30},"end":{"line":32,"column":67}},"20":{"start":{"line":33,"column":8},"end":{"line":33,"column":56}},"21":{"start":{"line":33,"column":25},"end":{"line":33,"column":56}},"22":{"start":{"line":34,"column":8},"end":{"line":34,"column":61}},"23":{"start":{"line":34,"column":27},"end":{"line":34,"column":61}},"24":{"start":{"line":36,"column":34},"end":{"line":36,"column":57}},"25":{"start":{"line":36,"column":43},"end":{"line":36,"column":57}},"26":{"start":{"line":37,"column":8},"end":{"line":45,"column":9}},"27":{"start":{"line":44,"column":12},"end":{"line":44,"column":87}},"28":{"start":{"line":47,"column":26},"end":{"line":47,"column":45}},"29":{"start":{"line":48,"column":25},"end":{"line":48,"column":32}},"30":{"start":{"line":49,"column":27},"end":{"line":49,"column":55}},"31":{"start":{"line":51,"column":8},"end":{"line":53,"column":9}},"32":{"start":{"line":52,"column":12},"end":{"line":52,"column":64}},"33":{"start":{"line":55,"column":8},"end":{"line":57,"column":9}},"34":{"start":{"line":56,"column":12},"end":{"line":56,"column":63}},"35":{"start":{"line":59,"column":8},"end":{"line":61,"column":9}},"36":{"start":{"line":60,"column":12},"end":{"line":60,"column":48}},"37":{"start":{"line":63,"column":8},"end":{"line":65,"column":9}},"38":{"start":{"line":64,"column":12},"end":{"line":64,"column":42}},"39":{"start":{"line":67,"column":8},"end":{"line":69,"column":9}},"40":{"start":{"line":68,"column":12},"end":{"line":68,"column":72}},"41":{"start":{"line":71,"column":8},"end":{"line":73,"column":9}},"42":{"start":{"line":72,"column":12},"end":{"line":72,"column":72}},"43":{"start":{"line":74,"column":8},"end":{"line":76,"column":9}},"44":{"start":{"line":75,"column":12},"end":{"line":75,"column":49}},"45":{"start":{"line":77,"column":8},"end":{"line":84,"column":9}},"46":{"start":{"line":78,"column":12},"end":{"line":78,"column":48}},"47":{"start":{"line":80,"column":30},"end":{"line":80,"column":48}},"48":{"start":{"line":81,"column":12},"end":{"line":83,"column":13}},"49":{"start":{"line":82,"column":16},"end":{"line":82,"column":61}},"50":{"start":{"line":86,"column":8},"end":{"line":88,"column":9}},"51":{"start":{"line":87,"column":12},"end":{"line":87,"column":45}},"52":{"start":{"line":90,"column":29},"end":{"line":90,"column":82}},"53":{"start":{"line":90,"column":48},"end":{"line":90,"column":81}},"54":{"start":{"line":92,"column":8},"end":{"line":94,"column":9}},"55":{"start":{"line":93,"column":12},"end":{"line":93,"column":60}},"56":{"start":{"line":96,"column":31},"end":{"line":96,"column":68}},"57":{"start":{"line":97,"column":24},"end":{"line":97,"column":79}},"58":{"start":{"line":98,"column":8},"end":{"line":98,"column":28}},"59":{"start":{"line":99,"column":8},"end":{"line":99,"column":67}},"60":{"start":{"line":102,"column":4},"end":{"line":104,"column":5}},"61":{"start":{"line":103,"column":8},"end":{"line":103,"column":20}},"62":{"start":{"line":105,"column":4},"end":{"line":105,"column":42}},"63":{"start":{"line":106,"column":4},"end":{"line":106,"column":45}}},"fnMap":{"0":{"name":"registerUserService","decl":{"start":{"line":5,"column":22},"end":{"line":5,"column":41}},"loc":{"start":{"line":5,"column":48},"end":{"line":108,"column":1}},"line":5},"1":{"name":"(anonymous_1)","decl":{"start":{"line":36,"column":34},"end":{"line":36,"column":35}},"loc":{"start":{"line":36,"column":43},"end":{"line":36,"column":57}},"line":36},"2":{"name":"(anonymous_2)","decl":{"start":{"line":90,"column":40},"end":{"line":90,"column":41}},"loc":{"start":{"line":90,"column":48},"end":{"line":90,"column":81}},"line":90}},"branchMap":{"0":{"loc":{"start":{"line":28,"column":8},"end":{"line":28,"column":66}},"type":"if","locations":[{"start":{"line":28,"column":8},"end":{"line":28,"column":66}},{"start":{},"end":{}}],"line":28},"1":{"loc":{"start":{"line":29,"column":8},"end":{"line":29,"column":66}},"type":"if","locations":[{"start":{"line":29,"column":8},"end":{"line":29,"column":66}},{"start":{},"end":{}}],"line":29},"2":{"loc":{"start":{"line":30,"column":8},"end":{"line":30,"column":76}},"type":"if","locations":[{"start":{"line":30,"column":8},"end":{"line":30,"column":76}},{"start":{},"end":{}}],"line":30},"3":{"loc":{"start":{"line":31,"column":8},"end":{"line":31,"column":69}},"type":"if","locations":[{"start":{"line":31,"column":8},"end":{"line":31,"column":69}},{"start":{},"end":{}}],"line":31},"4":{"loc":{"start":{"line":32,"column":8},"end":{"line":32,"column":67}},"type":"if","locations":[{"start":{"line":32,"column":8},"end":{"line":32,"column":67}},{"start":{},"end":{}}],"line":32},"5":{"loc":{"start":{"line":33,"column":8},"end":{"line":33,"column":56}},"type":"if","locations":[{"start":{"line":33,"column":8},"end":{"line":33,"column":56}},{"start":{},"end":{}}],"line":33},"6":{"loc":{"start":{"line":34,"column":8},"end":{"line":34,"column":61}},"type":"if","locations":[{"start":{"line":34,"column":8},"end":{"line":34,"column":61}},{"start":{},"end":{}}],"line":34},"7":{"loc":{"start":{"line":37,"column":8},"end":{"line":45,"column":9}},"type":"if","locations":[{"start":{"line":37,"column":8},"end":{"line":45,"column":9}},{"start":{},"end":{}}],"line":37},"8":{"loc":{"start":{"line":38,"column":12},"end":{"line":42,"column":43}},"type":"binary-expr","locations":[{"start":{"line":38,"column":12},"end":{"line":38,"column":46}},{"start":{"line":39,"column":12},"end":{"line":39,"column":46}},{"start":{"line":40,"column":12},"end":{"line":40,"column":53}},{"start":{"line":41,"column":12},"end":{"line":41,"column":41}},{"start":{"line":42,"column":12},"end":{"line":42,"column":43}}],"line":38},"9":{"loc":{"start":{"line":51,"column":8},"end":{"line":53,"column":9}},"type":"if","locations":[{"start":{"line":51,"column":8},"end":{"line":53,"column":9}},{"start":{},"end":{}}],"line":51},"10":{"loc":{"start":{"line":55,"column":8},"end":{"line":57,"column":9}},"type":"if","locations":[{"start":{"line":55,"column":8},"end":{"line":57,"column":9}},{"start":{},"end":{}}],"line":55},"11":{"loc":{"start":{"line":59,"column":8},"end":{"line":61,"column":9}},"type":"if","locations":[{"start":{"line":59,"column":8},"end":{"line":61,"column":9}},{"start":{},"end":{}}],"line":59},"12":{"loc":{"start":{"line":63,"column":8},"end":{"line":65,"column":9}},"type":"if","locations":[{"start":{"line":63,"column":8},"end":{"line":65,"column":9}},{"start":{},"end":{}}],"line":63},"13":{"loc":{"start":{"line":67,"column":8},"end":{"line":69,"column":9}},"type":"if","locations":[{"start":{"line":67,"column":8},"end":{"line":69,"column":9}},{"start":{},"end":{}}],"line":67},"14":{"loc":{"start":{"line":67,"column":12},"end":{"line":67,"column":69}},"type":"binary-expr","locations":[{"start":{"line":67,"column":12},"end":{"line":67,"column":38}},{"start":{"line":67,"column":42},"end":{"line":67,"column":69}}],"line":67},"15":{"loc":{"start":{"line":71,"column":8},"end":{"line":73,"column":9}},"type":"if","locations":[{"start":{"line":71,"column":8},"end":{"line":73,"column":9}},{"start":{},"end":{}}],"line":71},"16":{"loc":{"start":{"line":71,"column":12},"end":{"line":71,"column":69}},"type":"binary-expr","locations":[{"start":{"line":71,"column":12},"end":{"line":71,"column":38}},{"start":{"line":71,"column":42},"end":{"line":71,"column":69}}],"line":71},"17":{"loc":{"start":{"line":74,"column":8},"end":{"line":76,"column":9}},"type":"if","locations":[{"start":{"line":74,"column":8},"end":{"line":76,"column":9}},{"start":{},"end":{}}],"line":74},"18":{"loc":{"start":{"line":77,"column":8},"end":{"line":84,"column":9}},"type":"if","locations":[{"start":{"line":77,"column":8},"end":{"line":84,"column":9}},{"start":{"line":79,"column":15},"end":{"line":84,"column":9}}],"line":77},"19":{"loc":{"start":{"line":81,"column":12},"end":{"line":83,"column":13}},"type":"if","locations":[{"start":{"line":81,"column":12},"end":{"line":83,"column":13}},{"start":{},"end":{}}],"line":81},"20":{"loc":{"start":{"line":81,"column":16},"end":{"line":81,"column":48}},"type":"binary-expr","locations":[{"start":{"line":81,"column":16},"end":{"line":81,"column":30}},{"start":{"line":81,"column":34},"end":{"line":81,"column":48}}],"line":81},"21":{"loc":{"start":{"line":86,"column":8},"end":{"line":88,"column":9}},"type":"if","locations":[{"start":{"line":86,"column":8},"end":{"line":88,"column":9}},{"start":{},"end":{}}],"line":86},"22":{"loc":{"start":{"line":92,"column":8},"end":{"line":94,"column":9}},"type":"if","locations":[{"start":{"line":92,"column":8},"end":{"line":94,"column":9}},{"start":{},"end":{}}],"line":92},"23":{"loc":{"start":{"line":102,"column":4},"end":{"line":104,"column":5}},"type":"if","locations":[{"start":{"line":102,"column":4},"end":{"line":104,"column":5}},{"start":{},"end":{}}],"line":102}},"s":{"0":1,"1":1,"2":1,"3":1,"4":1,"5":1,"6":1,"7":1,"8":1,"9":1,"10":1,"11":0,"12":1,"13":0,"14":1,"15":0,"16":1,"17":0,"18":1,"19":0,"20":1,"21":0,"22":1,"23":0,"24":1,"25":5,"26":1,"27":0,"28":1,"29":1,"30":1,"31":1,"32":1,"33":1,"34":1,"35":1,"36":1,"37":1,"38":1,"39":1,"40":0,"41":1,"42":0,"43":1,"44":0,"45":1,"46":1,"47":0,"48":0,"49":0,"50":1,"51":1,"52":0,"53":0,"54":0,"55":0,"56":0,"57":0,"58":0,"59":0,"60":1,"61":1,"62":0,"63":0},"f":{"0":1,"1":5,"2":0},"b":{"0":[0,1],"1":[0,1],"2":[0,1],"3":[0,1],"4":[0,1],"5":[0,1],"6":[0,1],"7":[0,1],"8":[1,1,1,1,1],"9":[1,0],"10":[1,0],"11":[1,0],"12":[1,0],"13":[0,1],"14":[1,1],"15":[0,1],"16":[1,1],"17":[0,1],"18":[1,0],"19":[0,0],"20":[0,0],"21":[1,0],"22":[0,0],"23":[1,0]},"inputSourceMap":null,"_coverageSchema":"1a1c01bbd47fc00a2c39e90264f33305004495a9","hash":"c9de2cd65e823a7608eead800e294588a3f8d34e"}
,"D:\\QA\\Project for testing\\test\\mockFunctions.js": {"path":"D:\\QA\\Project for testing\\test\\mockFunctions.js","statementMap":{"0":{"start":{"line":4,"column":4},"end":{"line":6,"column":6}},"1":{"start":{"line":10,"column":16},"end":{"line":10,"column":18}},"2":{"start":{"line":11,"column":4},"end":{"line":11,"column":44}},"3":{"start":{"line":12,"column":4},"end":{"line":12,"column":25}},"4":{"start":{"line":13,"column":4},"end":{"line":13,"column":15}},"5":{"start":{"line":15,"column":26},"end":{"line":18,"column":1}},"6":{"start":{"line":16,"column":50},"end":{"line":16,"column":70}},"7":{"start":{"line":17,"column":46},"end":{"line":17,"column":74}}},"fnMap":{"0":{"name":"mockRequest","decl":{"start":{"line":3,"column":16},"end":{"line":3,"column":27}},"loc":{"start":{"line":3,"column":30},"end":{"line":7,"column":1}},"line":3},"1":{"name":"mockResponse","decl":{"start":{"line":9,"column":16},"end":{"line":9,"column":28}},"loc":{"start":{"line":9,"column":31},"end":{"line":14,"column":1}},"line":9},"2":{"name":"(anonymous_2)","decl":{"start":{"line":16,"column":18},"end":{"line":16,"column":19}},"loc":{"start":{"line":16,"column":50},"end":{"line":16,"column":70}},"line":16},"3":{"name":"(anonymous_3)","decl":{"start":{"line":17,"column":21},"end":{"line":17,"column":22}},"loc":{"start":{"line":17,"column":46},"end":{"line":17,"column":74}},"line":17}},"branchMap":{},"s":{"0":0,"1":0,"2":0,"3":0,"4":0,"5":1,"6":0,"7":0},"f":{"0":0,"1":0,"2":0,"3":0},"b":{},"inputSourceMap":null,"_coverageSchema":"1a1c01bbd47fc00a2c39e90264f33305004495a9","hash":"ea7c1a3cd839e4d995981b65ac59a9b488282669"}
}
