TN:
SF:helpers.js
FN:2,(anonymous_0)
FNF:1
FNH:1
FNDA:24,(anonymous_0)
DA:3,24
DA:4,18
DA:5,18
DA:7,6
DA:8,6
DA:10,24
DA:11,24
DA:12,24
LF:8
LH:8
BRDA:3,0,0,18
BRDA:3,0,1,6
BRDA:11,1,0,24
BRDA:11,1,1,0
BRF:4
BRH:3
end_of_record
TN:
SF:DB\config\connectDB.js
FN:3,connectDB
FNF:1
FNH:1
FNDA:3,connectDB
DA:4,3
DA:5,3
DA:9,3
DA:11,0
DA:12,0
LF:5
LH:3
BRDA:3,0,0,0
BRF:1
BRH:0
end_of_record
TN:
SF:controllers\authControllers.js
FN:4,registerUserController
FN:17,loginUserController
FNF:2
FNH:2
FNDA:4,registerUserController
FNDA:4,loginUserController
DA:5,4
DA:6,4
DA:7,2
DA:13,2
DA:18,4
DA:19,4
DA:20,1
DA:25,3
LF:8
LH:8
BRDA:13,0,0,2
BRDA:13,0,1,1
BRDA:13,1,0,2
BRDA:13,1,1,2
BRDA:13,1,2,1
BRDA:25,2,0,3
BRDA:25,2,1,1
BRF:7
BRH:7
end_of_record
TN:
SF:data\users.js
FNF:0
FNH:0
DA:1,3
LF:1
LH:1
BRF:0
BRH:0
end_of_record
TN:
SF:services\loginUserService.js
FN:6,loginUserService
FN:11,(anonymous_1)
FNF:2
FNH:2
FNDA:5,loginUserService
FNDA:2,(anonymous_1)
DA:7,5
DA:8,2
DA:11,3
DA:12,3
DA:13,1
DA:16,2
DA:17,2
DA:18,1
DA:20,1
DA:26,1
LF:10
LH:10
BRDA:7,0,0,2
BRDA:7,0,1,3
BRDA:7,1,0,5
BRDA:7,1,1,4
BRDA:12,2,0,1
BRDA:12,2,1,2
BRDA:17,3,0,1
BRDA:17,3,1,1
BRF:8
BRH:8
end_of_record
TN:
SF:services\registerUserService.js
FN:5,registerUserService
FN:36,(anonymous_1)
FN:90,(anonymous_2)
FNF:3
FNH:3
FNDA:28,registerUserService
FNDA:129,(anonymous_1)
FNDA:1,(anonymous_2)
DA:7,28
DA:9,28
DA:18,28
DA:20,28
DA:21,28
DA:22,28
DA:23,28
DA:24,28
DA:25,28
DA:26,28
DA:28,28
DA:29,28
DA:30,28
DA:31,28
DA:32,28
DA:33,28
DA:34,28
DA:36,129
DA:37,28
DA:44,4
DA:47,28
DA:48,28
DA:49,28
DA:51,28
DA:52,3
DA:55,28
DA:56,3
DA:59,28
DA:60,5
DA:63,28
DA:64,4
DA:67,28
DA:68,5
DA:71,28
DA:72,4
DA:74,28
DA:75,2
DA:77,28
DA:78,5
DA:80,23
DA:81,23
DA:82,2
DA:86,28
DA:87,18
DA:90,10
DA:92,10
DA:93,1
DA:96,9
DA:97,8
DA:98,8
DA:99,8
DA:106,20
DA:107,19
DA:109,1
LF:54
LH:54
BRDA:28,0,0,2
BRDA:28,0,1,26
BRDA:29,1,0,2
BRDA:29,1,1,26
BRDA:30,2,0,2
BRDA:30,2,1,26
BRDA:31,3,0,2
BRDA:31,3,1,26
BRDA:32,4,0,2
BRDA:32,4,1,26
BRDA:33,5,0,2
BRDA:33,5,1,26
BRDA:34,6,0,2
BRDA:34,6,1,26
BRDA:37,7,0,4
BRDA:37,7,1,24
BRDA:38,8,0,28
BRDA:38,8,1,27
BRDA:38,8,2,25
BRDA:38,8,3,25
BRDA:38,8,4,24
BRDA:51,9,0,3
BRDA:51,9,1,25
BRDA:55,10,0,3
BRDA:55,10,1,25
BRDA:59,11,0,5
BRDA:59,11,1,23
BRDA:63,12,0,4
BRDA:63,12,1,24
BRDA:67,13,0,5
BRDA:67,13,1,23
BRDA:67,14,0,28
BRDA:67,14,1,23
BRDA:71,15,0,4
BRDA:71,15,1,24
BRDA:71,16,0,28
BRDA:71,16,1,25
BRDA:74,17,0,2
BRDA:74,17,1,26
BRDA:77,18,0,5
BRDA:77,18,1,23
BRDA:81,19,0,2
BRDA:81,19,1,21
BRDA:81,20,0,23
BRDA:81,20,1,22
BRDA:86,21,0,18
BRDA:86,21,1,10
BRDA:92,22,0,1
BRDA:92,22,1,9
BRDA:106,23,0,19
BRDA:106,23,1,1
BRF:51
BRH:51
end_of_record
TN:
SF:test\mockFunctions.js
FN:3,mockRequest
FN:9,mockResponse
FN:16,(anonymous_2)
FN:17,(anonymous_3)
FNF:4
FNH:2
FNDA:8,mockRequest
FNDA:8,mockResponse
FNDA:0,(anonymous_2)
FNDA:0,(anonymous_3)
DA:4,8
DA:10,8
DA:11,8
DA:12,8
DA:13,8
DA:15,2
DA:16,0
DA:17,0
LF:8
LH:6
BRF:0
BRH:0
end_of_record
